#
# There is insufficient memory for the Java Runtime Environment to continue.
# Native memory allocation (malloc) failed to allocate 1454656 bytes. Error detail: Chunk::new
# Possible reasons:
#   The system is out of physical RAM or swap space
#   This process is running with CompressedOops enabled, and the Java Heap may be blocking the growth of the native heap
# Possible solutions:
#   Reduce memory load on the system
#   Increase physical memory or swap space
#   Check if swap backing store is full
#   Decrease Java heap size (-Xmx/-Xms)
#   Decrease number of Java threads
#   Decrease Java thread stack sizes (-Xss)
#   Set larger code cache with -XX:ReservedCodeCacheSize=
#   JVM is running with Unscaled Compressed Oops mode in which the Java heap is
#     placed in the first 4GB address space. The Java Heap base address is the
#     maximum limit for the native heap growth. Please use -XX:HeapBaseMinAddress
#     to set the Java Heap base and to place the Java Heap above 4GB virtual address.
# This output file may be truncated or incomplete.
#
#  Out of Memory Error (arena.cpp:168), pid=16716, tid=9432
#
# JRE version: OpenJDK Runtime Environment Temurin-21.0.7+6 (21.0.7+6) (build 21.0.7+6-LTS)
# Java VM: OpenJDK 64-Bit Server VM Temurin-21.0.7+6 (21.0.7+6-LTS, mixed mode, sharing, tiered, compressed oops, compressed class ptrs, parallel gc, windows-amd64)
# No core dump will be written. Minidumps are not enabled by default on client versions of Windows
#

---------------  S U M M A R Y ------------

Command Line: --add-modules=ALL-SYSTEM --add-opens=java.base/java.util=ALL-UNNAMED --add-opens=java.base/java.lang=ALL-UNNAMED --add-opens=java.base/sun.nio.fs=ALL-UNNAMED -Declipse.application=org.eclipse.jdt.ls.core.id1 -Dosgi.bundles.defaultStartLevel=4 -Declipse.product=org.eclipse.jdt.ls.core.product -Djava.import.generatesMetadataFilesAtProjectRoot=false -DDetectVMInstallationsJob.disabled=true -Dfile.encoding=utf8 -XX:+UseParallelGC -XX:GCTimeRatio=4 -XX:AdaptiveSizePolicyWeight=90 -Dsun.zip.disableMemoryMapping=true -Xmx1G -Xms100m -Xlog:disable -javaagent:c:\Users\nguye\.vscode\extensions\redhat.java-1.42.0-win32-x64\lombok\lombok-1.18.36.jar -XX:+HeapDumpOnOutOfMemoryError -XX:HeapDumpPath=c:\Users\nguye\AppData\Roaming\Code\User\workspaceStorage\e4938c2eb2184d7aeaf21c1332ea96fd\redhat.java -Daether.dependencyCollector.impl=bf c:\Users\nguye\.vscode\extensions\redhat.java-1.42.0-win32-x64\server\plugins\org.eclipse.equinox.launcher_1.7.0.v20250424-1814.jar -configuration c:\Users\nguye\AppData\Roaming\Code\User\globalStorage\redhat.java\1.42.0\config_win -data c:\Users\nguye\AppData\Roaming\Code\User\workspaceStorage\e4938c2eb2184d7aeaf21c1332ea96fd\redhat.java\jdt_ws --pipe=\\.\pipe\lsp-ef09c2e6da0897c494e0978ae567528e-sock

Host: Intel(R) Core(TM) i5-10300H CPU @ 2.50GHz, 8 cores, 15G,  Windows 10 , 64 bit Build 19041 (10.0.19041.5678)
Time: Sat May 24 15:05:08 2025 SE Asia Standard Time elapsed time: 23.998391 seconds (0d 0h 0m 23s)

---------------  T H R E A D  ---------------

Current thread (0x00000154c84848b0):  JavaThread "C2 CompilerThread1" daemon [_thread_in_native, id=9432, stack(0x0000001306700000,0x0000001306800000) (1024K)]


Current CompileTask:
C2:23999 17947       4       org.eclipse.jdt.internal.compiler.lookup.Scope::getTypeOrPackage (1525 bytes)

Stack: [0x0000001306700000,0x0000001306800000]
Native frames: (J=compiled Java code, j=interpreted, Vv=VM code, C=native code)
V  [jvm.dll+0x6ce119]
V  [jvm.dll+0x8a84a1]
V  [jvm.dll+0x8aa9ce]
V  [jvm.dll+0x8ab0b3]
V  [jvm.dll+0x27f8a6]
V  [jvm.dll+0xc507d]
V  [jvm.dll+0xc55b3]
V  [jvm.dll+0x3b692c]
V  [jvm.dll+0x1e0029]
V  [jvm.dll+0x247c42]
V  [jvm.dll+0x2470cf]
V  [jvm.dll+0x1c760e]
V  [jvm.dll+0x25695a]
V  [jvm.dll+0x254efa]
V  [jvm.dll+0x3f03f6]
V  [jvm.dll+0x851f6b]
V  [jvm.dll+0x6cc7dd]
C  [ucrtbase.dll+0x21bb2]
C  [KERNEL32.DLL+0x17374]
C  [ntdll.dll+0x4cc91]


---------------  P R O C E S S  ---------------

Threads class SMR info:
_java_thread_list=0x00000154c8c5b250, length=68, elements={
0x00000154e6597390, 0x00000154fcb529e0, 0x00000154fcb542e0, 0x00000154fcb55be0,
0x00000154fcb56d70, 0x00000154fcb5b7c0, 0x00000154fcb6ce30, 0x00000154fcb596f0,
0x00000154fcb59d90, 0x00000154fe5d57d0, 0x00000154fe5d5e60, 0x00000154fe5d3d90,
0x00000154fe5d3700, 0x00000154fe5d29e0, 0x00000154fe5d3070, 0x00000154fe5d4420,
0x00000154fe5d5140, 0x00000154c52ed290, 0x00000154c52f1430, 0x00000154c52ed920,
0x00000154c52f1ac0, 0x00000154c52ecc00, 0x00000154c52ebee0, 0x00000154c52edfb0,
0x00000154c52f2150, 0x00000154c52ef9f0, 0x00000154c52ee640, 0x00000154c52eecd0,
0x00000154c52ec570, 0x00000154c52ef360, 0x00000154c52f0080, 0x00000154c52f0710,
0x00000154c52eb1c0, 0x00000154c52f27e0, 0x00000154c52eb850, 0x00000154c686f460,
0x00000154c6872f70, 0x00000154c686c670, 0x00000154c686cd00, 0x00000154c686faf0,
0x00000154c686e740, 0x00000154c6870180, 0x00000154c6870810, 0x00000154c6870ea0,
0x00000154c686d390, 0x00000154c6871bc0, 0x00000154c686edd0, 0x00000154c6872250,
0x00000154c68728e0, 0x00000154c6873600, 0x00000154c6873c90, 0x00000154c79b33b0,
0x00000154c79b40d0, 0x00000154c79b8270, 0x00000154c79b2d20, 0x00000154c79b4df0,
0x00000154c79b8900, 0x00000154c79b2690, 0x00000154c79b7550, 0x00000154c676c350,
0x00000154c84848b0, 0x00000154c676b630, 0x00000154c676f7d0, 0x00000154c6771210,
0x00000154c676a910, 0x00000154c6771f30, 0x00000154c676d700, 0x00000154c676bcc0
}

Java Threads: ( => current thread )
  0x00000154e6597390 JavaThread "main"                              [_thread_blocked, id=10480, stack(0x0000001305800000,0x0000001305900000) (1024K)]
  0x00000154fcb529e0 JavaThread "Reference Handler"          daemon [_thread_blocked, id=18032, stack(0x0000001305c00000,0x0000001305d00000) (1024K)]
  0x00000154fcb542e0 JavaThread "Finalizer"                  daemon [_thread_blocked, id=19616, stack(0x0000001305d00000,0x0000001305e00000) (1024K)]
  0x00000154fcb55be0 JavaThread "Signal Dispatcher"          daemon [_thread_blocked, id=30600, stack(0x0000001305e00000,0x0000001305f00000) (1024K)]
  0x00000154fcb56d70 JavaThread "Attach Listener"            daemon [_thread_blocked, id=15856, stack(0x0000001305f00000,0x0000001306000000) (1024K)]
  0x00000154fcb5b7c0 JavaThread "Service Thread"             daemon [_thread_blocked, id=20212, stack(0x0000001306000000,0x0000001306100000) (1024K)]
  0x00000154fcb6ce30 JavaThread "Monitor Deflation Thread"   daemon [_thread_blocked, id=18092, stack(0x0000001306100000,0x0000001306200000) (1024K)]
  0x00000154fcb596f0 JavaThread "C2 CompilerThread0"         daemon [_thread_in_native, id=29176, stack(0x0000001306200000,0x0000001306300000) (1024K)]
  0x00000154fcb59d90 JavaThread "C1 CompilerThread0"         daemon [_thread_blocked, id=21036, stack(0x0000001306300000,0x0000001306400000) (1024K)]
  0x00000154fe5d57d0 JavaThread "Common-Cleaner"             daemon [_thread_blocked, id=25104, stack(0x0000001306400000,0x0000001306500000) (1024K)]
  0x00000154fe5d5e60 JavaThread "Notification Thread"        daemon [_thread_blocked, id=24228, stack(0x0000001306600000,0x0000001306700000) (1024K)]
  0x00000154fe5d3d90 JavaThread "Active Thread: Equinox Container: e6e4f3a2-550b-4a69-9c2c-14b1d5f001a7"        [_thread_blocked, id=28012, stack(0x0000001306e00000,0x0000001306f00000) (1024K)]
  0x00000154fe5d3700 JavaThread "Refresh Thread: Equinox Container: e6e4f3a2-550b-4a69-9c2c-14b1d5f001a7" daemon [_thread_blocked, id=11272, stack(0x0000001306f00000,0x0000001307000000) (1024K)]
  0x00000154fe5d29e0 JavaThread "Framework Event Dispatcher: Equinox Container: e6e4f3a2-550b-4a69-9c2c-14b1d5f001a7" daemon [_thread_blocked, id=30568, stack(0x0000001307100000,0x0000001307200000) (1024K)]
  0x00000154fe5d3070 JavaThread "Start Level: Equinox Container: e6e4f3a2-550b-4a69-9c2c-14b1d5f001a7" daemon [_thread_blocked, id=26252, stack(0x0000001307200000,0x0000001307300000) (1024K)]
  0x00000154fe5d4420 JavaThread "Bundle File Closer"         daemon [_thread_blocked, id=22404, stack(0x0000001307300000,0x0000001307400000) (1024K)]
  0x00000154fe5d5140 JavaThread "SCR Component Actor"        daemon [_thread_blocked, id=24680, stack(0x0000001307400000,0x0000001307500000) (1024K)]
  0x00000154c52ed290 JavaThread "Worker-JM"                         [_thread_blocked, id=2028, stack(0x0000001307600000,0x0000001307700000) (1024K)]
  0x00000154c52f1430 JavaThread "JNA Cleaner"                daemon [_thread_blocked, id=19208, stack(0x0000001307700000,0x0000001307800000) (1024K)]
  0x00000154c52ed920 JavaThread "Worker-0"                          [_thread_blocked, id=26136, stack(0x0000001307800000,0x0000001307900000) (1024K)]
  0x00000154c52f1ac0 JavaThread "Worker-1"                          [_thread_blocked, id=30628, stack(0x0000001307900000,0x0000001307a00000) (1024K)]
  0x00000154c52ecc00 JavaThread "Java indexing"              daemon [_thread_blocked, id=28316, stack(0x0000001307a00000,0x0000001307b00000) (1024K)]
  0x00000154c52ebee0 JavaThread "Worker-2"                          [_thread_blocked, id=22020, stack(0x0000001307b00000,0x0000001307c00000) (1024K)]
  0x00000154c52edfb0 JavaThread "Worker-3"                          [_thread_blocked, id=9388, stack(0x0000001307c00000,0x0000001307d00000) (1024K)]
  0x00000154c52f2150 JavaThread "Thread-2"                   daemon [_thread_in_native, id=11176, stack(0x0000001307d00000,0x0000001307e00000) (1024K)]
  0x00000154c52ef9f0 JavaThread "Thread-3"                   daemon [_thread_in_native, id=25780, stack(0x0000001307e00000,0x0000001307f00000) (1024K)]
  0x00000154c52ee640 JavaThread "Thread-4"                   daemon [_thread_in_native, id=5328, stack(0x0000001307f00000,0x0000001308000000) (1024K)]
  0x00000154c52eecd0 JavaThread "Thread-5"                   daemon [_thread_in_native, id=30440, stack(0x0000001308000000,0x0000001308100000) (1024K)]
  0x00000154c52ec570 JavaThread "Thread-6"                   daemon [_thread_in_native, id=15432, stack(0x0000001308100000,0x0000001308200000) (1024K)]
  0x00000154c52ef360 JavaThread "Thread-7"                   daemon [_thread_in_native, id=30452, stack(0x0000001308200000,0x0000001308300000) (1024K)]
  0x00000154c52f0080 JavaThread "Thread-8"                   daemon [_thread_in_native, id=9856, stack(0x0000001308300000,0x0000001308400000) (1024K)]
  0x00000154c52f0710 JavaThread "Thread-9"                   daemon [_thread_in_native, id=30092, stack(0x0000001308400000,0x0000001308500000) (1024K)]
  0x00000154c52eb1c0 JavaThread "Thread-10"                  daemon [_thread_in_native, id=30212, stack(0x0000001308500000,0x0000001308600000) (1024K)]
  0x00000154c52f27e0 JavaThread "pool-2-thread-1"                   [_thread_blocked, id=23652, stack(0x0000001308600000,0x0000001308700000) (1024K)]
  0x00000154c52eb850 JavaThread "WorkspaceEventsHandler"            [_thread_blocked, id=26164, stack(0x0000001308700000,0x0000001308800000) (1024K)]
  0x00000154c686f460 JavaThread "pool-1-thread-1"                   [_thread_blocked, id=30548, stack(0x0000001308800000,0x0000001308900000) (1024K)]
  0x00000154c6872f70 JavaThread "Worker-4"                          [_thread_blocked, id=17868, stack(0x0000001308900000,0x0000001308a00000) (1024K)]
  0x00000154c686c670 JavaThread "Worker-5"                          [_thread_blocked, id=16204, stack(0x0000001308a00000,0x0000001308b00000) (1024K)]
  0x00000154c686cd00 JavaThread "LocalFile Deleter"          daemon [_thread_blocked, id=30052, stack(0x0000001308b00000,0x0000001308c00000) (1024K)]
  0x00000154c686faf0 JavaThread "LocalFile Deleter"          daemon [_thread_blocked, id=29476, stack(0x0000001308c00000,0x0000001308d00000) (1024K)]
  0x00000154c686e740 JavaThread "LocalFile Deleter"          daemon [_thread_blocked, id=20316, stack(0x0000001308d00000,0x0000001308e00000) (1024K)]
  0x00000154c6870180 JavaThread "LocalFile Deleter"          daemon [_thread_blocked, id=28224, stack(0x0000001308e00000,0x0000001308f00000) (1024K)]
  0x00000154c6870810 JavaThread "LocalFile Deleter"          daemon [_thread_blocked, id=16276, stack(0x0000001308f00000,0x0000001309000000) (1024K)]
  0x00000154c6870ea0 JavaThread "LocalFile Deleter"          daemon [_thread_blocked, id=3852, stack(0x0000001309000000,0x0000001309100000) (1024K)]
  0x00000154c686d390 JavaThread "LocalFile Deleter"          daemon [_thread_blocked, id=26224, stack(0x0000001309100000,0x0000001309200000) (1024K)]
  0x00000154c6871bc0 JavaThread "LocalFile Deleter"          daemon [_thread_blocked, id=9524, stack(0x0000001309200000,0x0000001309300000) (1024K)]
  0x00000154c686edd0 JavaThread "Compiler Source File Reader" daemon [_thread_blocked, id=1080, stack(0x0000001309300000,0x0000001309400000) (1024K)]
  0x00000154c6872250 JavaThread "Compiler Source File Reader" daemon [_thread_blocked, id=9760, stack(0x0000001309400000,0x0000001309500000) (1024K)]
  0x00000154c68728e0 JavaThread "Compiler Source File Reader" daemon [_thread_blocked, id=2328, stack(0x0000001309500000,0x0000001309600000) (1024K)]
  0x00000154c6873600 JavaThread "Compiler Source File Reader" daemon [_thread_blocked, id=30000, stack(0x0000001309600000,0x0000001309700000) (1024K)]
  0x00000154c6873c90 JavaThread "Compiler Source File Reader" daemon [_thread_blocked, id=2164, stack(0x0000001309700000,0x0000001309800000) (1024K)]
  0x00000154c79b33b0 JavaThread "Compiler Source File Reader" daemon [_thread_blocked, id=16780, stack(0x0000001309800000,0x0000001309900000) (1024K)]
  0x00000154c79b40d0 JavaThread "Compiler Processing Task"   daemon [_thread_blocked, id=19500, stack(0x0000001307500000,0x0000001307600000) (1024K)]
  0x00000154c79b8270 JavaThread "Compiler Class File Writer" daemon [_thread_blocked, id=23868, stack(0x0000001309900000,0x0000001309a00000) (1024K)]
  0x00000154c79b2d20 JavaThread "Compiler Class File Writer" daemon [_thread_blocked, id=29836, stack(0x0000001309a00000,0x0000001309b00000) (1024K)]
  0x00000154c79b4df0 JavaThread "Compiler Class File Writer" daemon [_thread_blocked, id=16876, stack(0x0000001309b00000,0x0000001309c00000) (1024K)]
  0x00000154c79b8900 JavaThread "Compiler Class File Writer" daemon [_thread_blocked, id=28280, stack(0x0000001309c00000,0x0000001309d00000) (1024K)]
  0x00000154c79b2690 JavaThread "Compiler Class File Writer" daemon [_thread_blocked, id=19204, stack(0x0000001309d00000,0x0000001309e00000) (1024K)]
  0x00000154c79b7550 JavaThread "Compiler Class File Writer" daemon [_thread_blocked, id=18800, stack(0x0000001309e00000,0x0000001309f00000) (1024K)]
  0x00000154c676c350 JavaThread "ForkJoinPool.commonPool-worker-1" daemon [_thread_blocked, id=1596, stack(0x0000001306500000,0x0000001306600000) (1024K)]
=>0x00000154c84848b0 JavaThread "C2 CompilerThread1"         daemon [_thread_in_native, id=9432, stack(0x0000001306700000,0x0000001306800000) (1024K)]
  0x00000154c676b630 JavaThread "ForkJoinPool.commonPool-worker-2" daemon [_thread_blocked, id=6272, stack(0x0000001309f00000,0x000000130a000000) (1024K)]
  0x00000154c676f7d0 JavaThread "ForkJoinPool.commonPool-worker-3" daemon [_thread_blocked, id=9936, stack(0x000000130a000000,0x000000130a100000) (1024K)]
  0x00000154c6771210 JavaThread "SCR Component Registry"     daemon [_thread_blocked, id=14604, stack(0x000000130a100000,0x000000130a200000) (1024K)]
  0x00000154c676a910 JavaThread "ForkJoinPool.commonPool-worker-4" daemon [_thread_blocked, id=30560, stack(0x000000130a200000,0x000000130a300000) (1024K)]
  0x00000154c6771f30 JavaThread "ForkJoinPool.commonPool-worker-5" daemon [_thread_blocked, id=28472, stack(0x000000130a300000,0x000000130a400000) (1024K)]
  0x00000154c676d700 JavaThread "ForkJoinPool.commonPool-worker-7" daemon [_thread_blocked, id=30048, stack(0x000000130a400000,0x000000130a500000) (1024K)]
  0x00000154c676bcc0 JavaThread "ForkJoinPool.commonPool-worker-6" daemon [_thread_blocked, id=29892, stack(0x000000130a500000,0x000000130a600000) (1024K)]
Total: 68

Other Threads:
  0x00000154e8861f10 VMThread "VM Thread"                           [id=29268, stack(0x0000001305b00000,0x0000001305c00000) (1024K)]
  0x00000154e880d570 WatcherThread "VM Periodic Task Thread"        [id=30460, stack(0x0000001305a00000,0x0000001305b00000) (1024K)]
  0x00000154e87c0430 WorkerThread "GC Thread#0"                     [id=10952, stack(0x0000001305900000,0x0000001305a00000) (1024K)]
  0x00000154fe83fd90 WorkerThread "GC Thread#1"                     [id=16692, stack(0x0000001306800000,0x0000001306900000) (1024K)]
  0x00000154fea4bbd0 WorkerThread "GC Thread#2"                     [id=30636, stack(0x0000001306900000,0x0000001306a00000) (1024K)]
  0x00000154fea4bf70 WorkerThread "GC Thread#3"                     [id=18108, stack(0x0000001306a00000,0x0000001306b00000) (1024K)]
  0x00000154ff0afe60 WorkerThread "GC Thread#4"                     [id=12528, stack(0x0000001306b00000,0x0000001306c00000) (1024K)]
  0x00000154ff0b0200 WorkerThread "GC Thread#5"                     [id=24112, stack(0x0000001306c00000,0x0000001306d00000) (1024K)]
  0x00000154fee1e500 WorkerThread "GC Thread#6"                     [id=20544, stack(0x0000001306d00000,0x0000001306e00000) (1024K)]
  0x00000154ff0632f0 WorkerThread "GC Thread#7"                     [id=21796, stack(0x0000001307000000,0x0000001307100000) (1024K)]
Total: 10

Threads with active compile tasks:
C2 CompilerThread0  24022 17990   !   4       org.eclipse.jdt.internal.compiler.parser.Scanner::getNextToken0 (3064 bytes)
C2 CompilerThread1  24022 17947       4       org.eclipse.jdt.internal.compiler.lookup.Scope::getTypeOrPackage (1525 bytes)
Total: 2

VM state: not at safepoint (normal execution)

VM Mutex/Monitor currently owned by a thread: None

Heap address: 0x00000000c0000000, size: 1024 MB, Compressed Oops mode: 32-bit

CDS archive(s) mapped at: [0x0000015480000000-0x0000015480ba0000-0x0000015480ba0000), size 12189696, SharedBaseAddress: 0x0000015480000000, ArchiveRelocationMode: 1.
Compressed class space mapped at: 0x0000015481000000-0x00000154c1000000, reserved size: 1073741824
Narrow klass base: 0x0000015480000000, Narrow klass shift: 0, Narrow klass range: 0x100000000

GC Precious Log:
 CardTable entry size: 512
 CPUs: 8 total, 8 available
 Memory: 16221M
 Large Page Support: Disabled
 NUMA Support: Disabled
 Compressed Oops: Enabled (32-bit)
 Alignments: Space 512K, Generation 512K, Heap 2M
 Heap Min Capacity: 100M
 Heap Initial Capacity: 100M
 Heap Max Capacity: 1G
 Pre-touch: Disabled
 Parallel Workers: 8

Heap:
 PSYoungGen      total 6144K, used 5326K [0x00000000eab00000, 0x00000000eb200000, 0x0000000100000000)
  eden space 5632K, 89% used [0x00000000eab00000,0x00000000eafe9650,0x00000000eb080000)
  from space 512K, 58% used [0x00000000eb100000,0x00000000eb14a400,0x00000000eb180000)
  to   space 512K, 0% used [0x00000000eb180000,0x00000000eb180000,0x00000000eb200000)
 ParOldGen       total 185856K, used 185502K [0x00000000c0000000, 0x00000000cb580000, 0x00000000eab00000)
  object space 185856K, 99% used [0x00000000c0000000,0x00000000cb527bf8,0x00000000cb580000)
 Metaspace       used 70616K, committed 72256K, reserved 1114112K
  class space    used 6933K, committed 7680K, reserved 1048576K

Card table byte_map: [0x00000154e8150000,0x00000154e8360000] _byte_map_base: 0x00000154e7b50000

Marking Bits: (ParMarkBitMap*) 0x00007ffe1d1a31f0
 Begin Bits: [0x00000154fa9a0000, 0x00000154fb9a0000)
 End Bits:   [0x00000154fb9a0000, 0x00000154fc9a0000)

Polling page: 0x00000154e6820000

Metaspace:

Usage:
  Non-class:     62.19 MB used.
      Class:      6.77 MB used.
       Both:     68.96 MB used.

Virtual space:
  Non-class space:       64.00 MB reserved,      63.06 MB ( 99%) committed,  1 nodes.
      Class space:        1.00 GB reserved,       7.50 MB ( <1%) committed,  1 nodes.
             Both:        1.06 GB reserved,      70.56 MB (  6%) committed. 

Chunk freelists:
   Non-Class:  608.00 KB
       Class:  8.53 MB
        Both:  9.13 MB

MaxMetaspaceSize: unlimited
CompressedClassSpaceSize: 1.00 GB
Initial GC threshold: 21.00 MB
Current GC threshold: 114.31 MB
CDS: on
 - commit_granule_bytes: 65536.
 - commit_granule_words: 8192.
 - virtual_space_node_default_size: 8388608.
 - enlarge_chunks_in_place: 1.
 - use_allocation_guard: 0.


Internal statistics:

num_allocs_failed_limit: 9.
num_arena_births: 1426.
num_arena_deaths: 22.
num_vsnodes_births: 2.
num_vsnodes_deaths: 0.
num_space_committed: 1129.
num_space_uncommitted: 0.
num_chunks_returned_to_freelist: 35.
num_chunks_taken_from_freelist: 4856.
num_chunk_merges: 20.
num_chunk_splits: 2990.
num_chunks_enlarged: 1683.
num_inconsistent_stats: 0.

CodeHeap 'non-profiled nmethods': size=120000Kb used=11624Kb max_used=11624Kb free=108375Kb
 bounds [0x00000154f3470000, 0x00000154f3fd0000, 0x00000154fa9a0000]
CodeHeap 'profiled nmethods': size=120000Kb used=37588Kb max_used=37588Kb free=82411Kb
 bounds [0x00000154eb9a0000, 0x00000154ede60000, 0x00000154f2ed0000]
CodeHeap 'non-nmethods': size=5760Kb used=1454Kb max_used=1584Kb free=4305Kb
 bounds [0x00000154f2ed0000, 0x00000154f3140000, 0x00000154f3470000]
 total_blobs=16439 nmethods=15674 adapters=668
 compilation: enabled
              stopped_count=0, restarted_count=0
 full_count=0

Compilation events (20 events):
Event: 23.921 Thread 0x00000154fcb59d90 17992       2       org.eclipse.jdt.internal.core.BinaryMethod::getReturnType (62 bytes)
Event: 23.922 Thread 0x00000154fcb59d90 nmethod 17992 0x00000154ede4cb10 code [0x00000154ede4cd60, 0x00000154ede4d1e8]
Event: 23.928 Thread 0x00000154fcb59d90 17993       3       org.eclipse.jdt.internal.compiler.lookup.TypeSystem$HashedParameterizedTypes::get (249 bytes)
Event: 23.929 Thread 0x00000154fcb59d90 nmethod 17993 0x00000154ede4d510 code [0x00000154ede4d7c0, 0x00000154ede4e898]
Event: 23.936 Thread 0x00000154fcb59d90 17994       2       org.eclipse.jdt.internal.compiler.lookup.Scope::connectTypeVariables (1040 bytes)
Event: 23.939 Thread 0x00000154fcb59d90 nmethod 17994 0x00000154ede4ee90 code [0x00000154ede4f3a0, 0x00000154ede51108]
Event: 23.939 Thread 0x00000154fcb59d90 17997       3       org.eclipse.jdt.internal.compiler.lookup.AnnotatableTypeSystem::getParameterizedType (123 bytes)
Event: 23.939 Thread 0x00000154fcb59d90 nmethod 17997 0x00000154ede52590 code [0x00000154ede52800, 0x00000154ede530f8]
Event: 23.939 Thread 0x00000154fcb59d90 17995       2       org.eclipse.jdt.internal.compiler.lookup.SourceTypeBinding::setFields (88 bytes)
Event: 23.940 Thread 0x00000154fcb59d90 nmethod 17995 0x00000154ede53410 code [0x00000154ede535e0, 0x00000154ede53928]
Event: 23.940 Thread 0x00000154fcb59d90 17996       2       org.eclipse.jdt.internal.compiler.lookup.SourceTypeBinding::evaluateNullAnnotations (422 bytes)
Event: 23.942 Thread 0x00000154fcb59d90 nmethod 17996 0x00000154ede53b90 code [0x00000154ede53ee0, 0x00000154ede54fe8]
Event: 23.942 Thread 0x00000154fcb59d90 17998       2       java.util.Comparators$NaturalOrderComparator::compare (13 bytes)
Event: 23.942 Thread 0x00000154fcb59d90 nmethod 17998 0x00000154ede55f10 code [0x00000154ede560c0, 0x00000154ede562a0]
Event: 23.942 Thread 0x00000154fcb59d90 17999       2       java.util.Comparators$NaturalOrderComparator::compare (8 bytes)
Event: 23.942 Thread 0x00000154fcb59d90 nmethod 17999 0x00000154ede56390 code [0x00000154ede56540, 0x00000154ede56680]
Event: 23.956 Thread 0x00000154fcb59d90 18000   !   2       org.eclipse.jdt.internal.compiler.lookup.ClassScope::connectTypeHierarchy (216 bytes)
Event: 23.958 Thread 0x00000154fcb59d90 nmethod 18000 0x00000154ede56710 code [0x00000154ede56980, 0x00000154ede570d0]
Event: 23.978 Thread 0x00000154fcb596f0 nmethod 17958 0x00000154f3fc5190 code [0x00000154f3fc5600, 0x00000154f3fc8530]
Event: 23.978 Thread 0x00000154fcb596f0 17990   !   4       org.eclipse.jdt.internal.compiler.parser.Scanner::getNextToken0 (3064 bytes)

GC Heap History (20 events):
Event: 23.792 GC heap before
{Heap before GC invocations=704 (full 4):
 PSYoungGen      total 6144K, used 4834K [0x00000000eab00000, 0x00000000eb200000, 0x0000000100000000)
  eden space 5632K, 81% used [0x00000000eab00000,0x00000000eaf80b28,0x00000000eb080000)
  from space 512K, 43% used [0x00000000eb100000,0x00000000eb138000,0x00000000eb180000)
  to   space 512K, 0% used [0x00000000eb180000,0x00000000eb180000,0x00000000eb200000)
 ParOldGen       total 183296K, used 182815K [0x00000000c0000000, 0x00000000cb300000, 0x00000000eab00000)
  object space 183296K, 99% used [0x00000000c0000000,0x00000000cb287fa0,0x00000000cb300000)
 Metaspace       used 70541K, committed 72192K, reserved 1114112K
  class space    used 6933K, committed 7680K, reserved 1048576K
}
Event: 23.793 GC heap after
{Heap after GC invocations=704 (full 4):
 PSYoungGen      total 6144K, used 160K [0x00000000eab00000, 0x00000000eb200000, 0x0000000100000000)
  eden space 5632K, 0% used [0x00000000eab00000,0x00000000eab00000,0x00000000eb080000)
  from space 512K, 31% used [0x00000000eb180000,0x00000000eb1a8000,0x00000000eb200000)
  to   space 512K, 0% used [0x00000000eb100000,0x00000000eb100000,0x00000000eb180000)
 ParOldGen       total 183296K, used 182855K [0x00000000c0000000, 0x00000000cb300000, 0x00000000eab00000)
  object space 183296K, 99% used [0x00000000c0000000,0x00000000cb291fa0,0x00000000cb300000)
 Metaspace       used 70541K, committed 72192K, reserved 1114112K
  class space    used 6933K, committed 7680K, reserved 1048576K
}
Event: 23.802 GC heap before
{Heap before GC invocations=705 (full 4):
 PSYoungGen      total 6144K, used 5792K [0x00000000eab00000, 0x00000000eb200000, 0x0000000100000000)
  eden space 5632K, 100% used [0x00000000eab00000,0x00000000eb080000,0x00000000eb080000)
  from space 512K, 31% used [0x00000000eb180000,0x00000000eb1a8000,0x00000000eb200000)
  to   space 512K, 0% used [0x00000000eb100000,0x00000000eb100000,0x00000000eb180000)
 ParOldGen       total 183296K, used 182855K [0x00000000c0000000, 0x00000000cb300000, 0x00000000eab00000)
  object space 183296K, 99% used [0x00000000c0000000,0x00000000cb291fa0,0x00000000cb300000)
 Metaspace       used 70544K, committed 72192K, reserved 1114112K
  class space    used 6933K, committed 7680K, reserved 1048576K
}
Event: 23.803 GC heap after
{Heap after GC invocations=705 (full 4):
 PSYoungGen      total 6144K, used 480K [0x00000000eab00000, 0x00000000eb280000, 0x0000000100000000)
  eden space 5632K, 0% used [0x00000000eab00000,0x00000000eab00000,0x00000000eb080000)
  from space 512K, 93% used [0x00000000eb100000,0x00000000eb178000,0x00000000eb180000)
  to   space 1024K, 0% used [0x00000000eb180000,0x00000000eb180000,0x00000000eb280000)
 ParOldGen       total 183296K, used 182887K [0x00000000c0000000, 0x00000000cb300000, 0x00000000eab00000)
  object space 183296K, 99% used [0x00000000c0000000,0x00000000cb299fa0,0x00000000cb300000)
 Metaspace       used 70544K, committed 72192K, reserved 1114112K
  class space    used 6933K, committed 7680K, reserved 1048576K
}
Event: 23.815 GC heap before
{Heap before GC invocations=706 (full 4):
 PSYoungGen      total 6144K, used 6112K [0x00000000eab00000, 0x00000000eb280000, 0x0000000100000000)
  eden space 5632K, 100% used [0x00000000eab00000,0x00000000eb080000,0x00000000eb080000)
  from space 512K, 93% used [0x00000000eb100000,0x00000000eb178000,0x00000000eb180000)
  to   space 1024K, 0% used [0x00000000eb180000,0x00000000eb180000,0x00000000eb280000)
 ParOldGen       total 183296K, used 182887K [0x00000000c0000000, 0x00000000cb300000, 0x00000000eab00000)
  object space 183296K, 99% used [0x00000000c0000000,0x00000000cb299fa0,0x00000000cb300000)
 Metaspace       used 70575K, committed 72192K, reserved 1114112K
  class space    used 6933K, committed 7680K, reserved 1048576K
}
Event: 23.817 GC heap after
{Heap after GC invocations=706 (full 4):
 PSYoungGen      total 6656K, used 649K [0x00000000eab00000, 0x00000000eb280000, 0x0000000100000000)
  eden space 5632K, 0% used [0x00000000eab00000,0x00000000eab00000,0x00000000eb080000)
  from space 1024K, 63% used [0x00000000eb180000,0x00000000eb222400,0x00000000eb280000)
  to   space 1024K, 0% used [0x00000000eb080000,0x00000000eb080000,0x00000000eb180000)
 ParOldGen       total 183296K, used 183239K [0x00000000c0000000, 0x00000000cb300000, 0x00000000eab00000)
  object space 183296K, 99% used [0x00000000c0000000,0x00000000cb2f1fa0,0x00000000cb300000)
 Metaspace       used 70575K, committed 72192K, reserved 1114112K
  class space    used 6933K, committed 7680K, reserved 1048576K
}
Event: 23.841 GC heap before
{Heap before GC invocations=707 (full 4):
 PSYoungGen      total 6656K, used 6281K [0x00000000eab00000, 0x00000000eb280000, 0x0000000100000000)
  eden space 5632K, 100% used [0x00000000eab00000,0x00000000eb080000,0x00000000eb080000)
  from space 1024K, 63% used [0x00000000eb180000,0x00000000eb222400,0x00000000eb280000)
  to   space 1024K, 0% used [0x00000000eb080000,0x00000000eb080000,0x00000000eb180000)
 ParOldGen       total 183296K, used 183239K [0x00000000c0000000, 0x00000000cb300000, 0x00000000eab00000)
  object space 183296K, 99% used [0x00000000c0000000,0x00000000cb2f1fa0,0x00000000cb300000)
 Metaspace       used 70578K, committed 72192K, reserved 1114112K
  class space    used 6933K, committed 7680K, reserved 1048576K
}
Event: 23.842 GC heap after
{Heap after GC invocations=707 (full 4):
 PSYoungGen      total 6656K, used 585K [0x00000000eab00000, 0x00000000eb280000, 0x0000000100000000)
  eden space 5632K, 0% used [0x00000000eab00000,0x00000000eab00000,0x00000000eb080000)
  from space 1024K, 57% used [0x00000000eb080000,0x00000000eb112400,0x00000000eb180000)
  to   space 1024K, 0% used [0x00000000eb180000,0x00000000eb180000,0x00000000eb280000)
 ParOldGen       total 183808K, used 183351K [0x00000000c0000000, 0x00000000cb380000, 0x00000000eab00000)
  object space 183808K, 99% used [0x00000000c0000000,0x00000000cb30dfa0,0x00000000cb380000)
 Metaspace       used 70578K, committed 72192K, reserved 1114112K
  class space    used 6933K, committed 7680K, reserved 1048576K
}
Event: 23.874 GC heap before
{Heap before GC invocations=708 (full 4):
 PSYoungGen      total 6656K, used 6205K [0x00000000eab00000, 0x00000000eb280000, 0x0000000100000000)
  eden space 5632K, 99% used [0x00000000eab00000,0x00000000eb07d3c8,0x00000000eb080000)
  from space 1024K, 57% used [0x00000000eb080000,0x00000000eb112400,0x00000000eb180000)
  to   space 1024K, 0% used [0x00000000eb180000,0x00000000eb180000,0x00000000eb280000)
 ParOldGen       total 183808K, used 183351K [0x00000000c0000000, 0x00000000cb380000, 0x00000000eab00000)
  object space 183808K, 99% used [0x00000000c0000000,0x00000000cb30dfa0,0x00000000cb380000)
 Metaspace       used 70588K, committed 72256K, reserved 1114112K
  class space    used 6933K, committed 7680K, reserved 1048576K
}
Event: 23.878 GC heap after
{Heap after GC invocations=708 (full 4):
 PSYoungGen      total 6656K, used 523K [0x00000000eab00000, 0x00000000eb280000, 0x0000000100000000)
  eden space 5632K, 0% used [0x00000000eab00000,0x00000000eab00000,0x00000000eb080000)
  from space 1024K, 51% used [0x00000000eb180000,0x00000000eb202d70,0x00000000eb280000)
  to   space 1024K, 0% used [0x00000000eb080000,0x00000000eb080000,0x00000000eb180000)
 ParOldGen       total 185856K, used 185226K [0x00000000c0000000, 0x00000000cb580000, 0x00000000eab00000)
  object space 185856K, 99% used [0x00000000c0000000,0x00000000cb4e28d0,0x00000000cb580000)
 Metaspace       used 70588K, committed 72256K, reserved 1114112K
  class space    used 6933K, committed 7680K, reserved 1048576K
}
Event: 23.890 GC heap before
{Heap before GC invocations=709 (full 4):
 PSYoungGen      total 6656K, used 6155K [0x00000000eab00000, 0x00000000eb280000, 0x0000000100000000)
  eden space 5632K, 100% used [0x00000000eab00000,0x00000000eb080000,0x00000000eb080000)
  from space 1024K, 51% used [0x00000000eb180000,0x00000000eb202d70,0x00000000eb280000)
  to   space 1024K, 0% used [0x00000000eb080000,0x00000000eb080000,0x00000000eb180000)
 ParOldGen       total 185856K, used 185226K [0x00000000c0000000, 0x00000000cb580000, 0x00000000eab00000)
  object space 185856K, 99% used [0x00000000c0000000,0x00000000cb4e28d0,0x00000000cb580000)
 Metaspace       used 70603K, committed 72256K, reserved 1114112K
  class space    used 6933K, committed 7680K, reserved 1048576K
}
Event: 23.891 GC heap after
{Heap after GC invocations=709 (full 4):
 PSYoungGen      total 6656K, used 329K [0x00000000eab00000, 0x00000000eb200000, 0x0000000100000000)
  eden space 5632K, 0% used [0x00000000eab00000,0x00000000eab00000,0x00000000eb080000)
  from space 1024K, 32% used [0x00000000eb080000,0x00000000eb0d2400,0x00000000eb180000)
  to   space 512K, 0% used [0x00000000eb180000,0x00000000eb180000,0x00000000eb200000)
 ParOldGen       total 185856K, used 185294K [0x00000000c0000000, 0x00000000cb580000, 0x00000000eab00000)
  object space 185856K, 99% used [0x00000000c0000000,0x00000000cb4f3bf8,0x00000000cb580000)
 Metaspace       used 70603K, committed 72256K, reserved 1114112K
  class space    used 6933K, committed 7680K, reserved 1048576K
}
Event: 23.901 GC heap before
{Heap before GC invocations=710 (full 4):
 PSYoungGen      total 6656K, used 5961K [0x00000000eab00000, 0x00000000eb200000, 0x0000000100000000)
  eden space 5632K, 100% used [0x00000000eab00000,0x00000000eb080000,0x00000000eb080000)
  from space 1024K, 32% used [0x00000000eb080000,0x00000000eb0d2400,0x00000000eb180000)
  to   space 512K, 0% used [0x00000000eb180000,0x00000000eb180000,0x00000000eb200000)
 ParOldGen       total 185856K, used 185294K [0x00000000c0000000, 0x00000000cb580000, 0x00000000eab00000)
  object space 185856K, 99% used [0x00000000c0000000,0x00000000cb4f3bf8,0x00000000cb580000)
 Metaspace       used 70604K, committed 72256K, reserved 1114112K
  class space    used 6933K, committed 7680K, reserved 1048576K
}
Event: 23.902 GC heap after
{Heap after GC invocations=710 (full 4):
 PSYoungGen      total 6144K, used 457K [0x00000000eab00000, 0x00000000eb200000, 0x0000000100000000)
  eden space 5632K, 0% used [0x00000000eab00000,0x00000000eab00000,0x00000000eb080000)
  from space 512K, 89% used [0x00000000eb180000,0x00000000eb1f2400,0x00000000eb200000)
  to   space 512K, 0% used [0x00000000eb100000,0x00000000eb100000,0x00000000eb180000)
 ParOldGen       total 185856K, used 185358K [0x00000000c0000000, 0x00000000cb580000, 0x00000000eab00000)
  object space 185856K, 99% used [0x00000000c0000000,0x00000000cb503bf8,0x00000000cb580000)
 Metaspace       used 70604K, committed 72256K, reserved 1114112K
  class space    used 6933K, committed 7680K, reserved 1048576K
}
Event: 23.923 GC heap before
{Heap before GC invocations=711 (full 4):
 PSYoungGen      total 6144K, used 6089K [0x00000000eab00000, 0x00000000eb200000, 0x0000000100000000)
  eden space 5632K, 100% used [0x00000000eab00000,0x00000000eb080000,0x00000000eb080000)
  from space 512K, 89% used [0x00000000eb180000,0x00000000eb1f2400,0x00000000eb200000)
  to   space 512K, 0% used [0x00000000eb100000,0x00000000eb100000,0x00000000eb180000)
 ParOldGen       total 185856K, used 185358K [0x00000000c0000000, 0x00000000cb580000, 0x00000000eab00000)
  object space 185856K, 99% used [0x00000000c0000000,0x00000000cb503bf8,0x00000000cb580000)
 Metaspace       used 70604K, committed 72256K, reserved 1114112K
  class space    used 6933K, committed 7680K, reserved 1048576K
}
Event: 23.924 GC heap after
{Heap after GC invocations=711 (full 4):
 PSYoungGen      total 6144K, used 425K [0x00000000eab00000, 0x00000000eb200000, 0x0000000100000000)
  eden space 5632K, 0% used [0x00000000eab00000,0x00000000eab00000,0x00000000eb080000)
  from space 512K, 83% used [0x00000000eb100000,0x00000000eb16a400,0x00000000eb180000)
  to   space 512K, 0% used [0x00000000eb180000,0x00000000eb180000,0x00000000eb200000)
 ParOldGen       total 185856K, used 185414K [0x00000000c0000000, 0x00000000cb580000, 0x00000000eab00000)
  object space 185856K, 99% used [0x00000000c0000000,0x00000000cb511bf8,0x00000000cb580000)
 Metaspace       used 70604K, committed 72256K, reserved 1114112K
  class space    used 6933K, committed 7680K, reserved 1048576K
}
Event: 23.934 GC heap before
{Heap before GC invocations=712 (full 4):
 PSYoungGen      total 6144K, used 6057K [0x00000000eab00000, 0x00000000eb200000, 0x0000000100000000)
  eden space 5632K, 100% used [0x00000000eab00000,0x00000000eb080000,0x00000000eb080000)
  from space 512K, 83% used [0x00000000eb100000,0x00000000eb16a400,0x00000000eb180000)
  to   space 512K, 0% used [0x00000000eb180000,0x00000000eb180000,0x00000000eb200000)
 ParOldGen       total 185856K, used 185414K [0x00000000c0000000, 0x00000000cb580000, 0x00000000eab00000)
  object space 185856K, 99% used [0x00000000c0000000,0x00000000cb511bf8,0x00000000cb580000)
 Metaspace       used 70604K, committed 72256K, reserved 1114112K
  class space    used 6933K, committed 7680K, reserved 1048576K
}
Event: 23.935 GC heap after
{Heap after GC invocations=712 (full 4):
 PSYoungGen      total 6144K, used 361K [0x00000000eab00000, 0x00000000eb200000, 0x0000000100000000)
  eden space 5632K, 0% used [0x00000000eab00000,0x00000000eab00000,0x00000000eb080000)
  from space 512K, 70% used [0x00000000eb180000,0x00000000eb1da400,0x00000000eb200000)
  to   space 512K, 0% used [0x00000000eb100000,0x00000000eb100000,0x00000000eb180000)
 ParOldGen       total 185856K, used 185470K [0x00000000c0000000, 0x00000000cb580000, 0x00000000eab00000)
  object space 185856K, 99% used [0x00000000c0000000,0x00000000cb51fbf8,0x00000000cb580000)
 Metaspace       used 70604K, committed 72256K, reserved 1114112K
  class space    used 6933K, committed 7680K, reserved 1048576K
}
Event: 23.948 GC heap before
{Heap before GC invocations=713 (full 4):
 PSYoungGen      total 6144K, used 4352K [0x00000000eab00000, 0x00000000eb200000, 0x0000000100000000)
  eden space 5632K, 70% used [0x00000000eab00000,0x00000000eaee5d78,0x00000000eb080000)
  from space 512K, 70% used [0x00000000eb180000,0x00000000eb1da400,0x00000000eb200000)
  to   space 512K, 0% used [0x00000000eb100000,0x00000000eb100000,0x00000000eb180000)
 ParOldGen       total 185856K, used 185470K [0x00000000c0000000, 0x00000000cb580000, 0x00000000eab00000)
  object space 185856K, 99% used [0x00000000c0000000,0x00000000cb51fbf8,0x00000000cb580000)
 Metaspace       used 70616K, committed 72256K, reserved 1114112K
  class space    used 6933K, committed 7680K, reserved 1048576K
}
Event: 23.949 GC heap after
{Heap after GC invocations=713 (full 4):
 PSYoungGen      total 6144K, used 297K [0x00000000eab00000, 0x00000000eb200000, 0x0000000100000000)
  eden space 5632K, 0% used [0x00000000eab00000,0x00000000eab00000,0x00000000eb080000)
  from space 512K, 58% used [0x00000000eb100000,0x00000000eb14a400,0x00000000eb180000)
  to   space 512K, 0% used [0x00000000eb180000,0x00000000eb180000,0x00000000eb200000)
 ParOldGen       total 185856K, used 185502K [0x00000000c0000000, 0x00000000cb580000, 0x00000000eab00000)
  object space 185856K, 99% used [0x00000000c0000000,0x00000000cb527bf8,0x00000000cb580000)
 Metaspace       used 70616K, committed 72256K, reserved 1114112K
  class space    used 6933K, committed 7680K, reserved 1048576K
}

Dll operation events (10 events):
Event: 0.011 Loaded shared library c:\Users\nguye\.vscode\extensions\redhat.java-1.42.0-win32-x64\jre\21.0.7-win32-x86_64\bin\java.dll
Event: 0.109 Loaded shared library c:\Users\nguye\.vscode\extensions\redhat.java-1.42.0-win32-x64\jre\21.0.7-win32-x86_64\bin\zip.dll
Event: 0.136 Loaded shared library C:\Users\nguye\.vscode\extensions\redhat.java-1.42.0-win32-x64\jre\21.0.7-win32-x86_64\bin\instrument.dll
Event: 0.141 Loaded shared library C:\Users\nguye\.vscode\extensions\redhat.java-1.42.0-win32-x64\jre\21.0.7-win32-x86_64\bin\net.dll
Event: 0.143 Loaded shared library C:\Users\nguye\.vscode\extensions\redhat.java-1.42.0-win32-x64\jre\21.0.7-win32-x86_64\bin\nio.dll
Event: 0.146 Loaded shared library C:\Users\nguye\.vscode\extensions\redhat.java-1.42.0-win32-x64\jre\21.0.7-win32-x86_64\bin\zip.dll
Event: 0.163 Loaded shared library C:\Users\nguye\.vscode\extensions\redhat.java-1.42.0-win32-x64\jre\21.0.7-win32-x86_64\bin\jimage.dll
Event: 0.243 Loaded shared library c:\Users\nguye\.vscode\extensions\redhat.java-1.42.0-win32-x64\jre\21.0.7-win32-x86_64\bin\verify.dll
Event: 1.664 Loaded shared library C:\Users\nguye\AppData\Roaming\Code\User\globalStorage\redhat.java\1.42.0\config_win\org.eclipse.equinox.launcher\org.eclipse.equinox.launcher.win32.win32.x86_64_1.2.1300.v20250331-1702\eclipse_11911.dll
Event: 3.063 Loaded shared library C:\Users\nguye\AppData\Local\Temp\jna-104772072\jna15342986146062269171.dll

Deoptimization events (20 events):
Event: 23.896 Thread 0x00000154c676c350 DEOPT PACKING pc=0x00000154ecc4a5aa sp=0x00000013065fd700
Event: 23.896 Thread 0x00000154c676c350 DEOPT UNPACKING pc=0x00000154f2f24242 sp=0x00000013065fcc88 mode 0
Event: 23.918 Thread 0x00000154c676c350 DEOPT PACKING pc=0x00000154ec43d213 sp=0x00000013065fdac0
Event: 23.919 Thread 0x00000154c676c350 DEOPT UNPACKING pc=0x00000154f2f24242 sp=0x00000013065fcff0 mode 0
Event: 23.919 Thread 0x00000154c676c350 DEOPT PACKING pc=0x00000154ec43d213 sp=0x00000013065fdac0
Event: 23.919 Thread 0x00000154c676c350 DEOPT UNPACKING pc=0x00000154f2f24242 sp=0x00000013065fcff0 mode 0
Event: 23.920 Thread 0x00000154c676c350 DEOPT PACKING pc=0x00000154ec43d213 sp=0x00000013065fdac0
Event: 23.920 Thread 0x00000154c676c350 DEOPT UNPACKING pc=0x00000154f2f24242 sp=0x00000013065fcff0 mode 0
Event: 23.927 Thread 0x00000154c676c350 Uncommon trap: trap_request=0xffffff45 fr.pc=0x00000154f3ad4a50 relative=0x0000000000001d10
Event: 23.927 Thread 0x00000154c676c350 Uncommon trap: reason=unstable_if action=reinterpret pc=0x00000154f3ad4a50 method=org.eclipse.jdt.internal.compiler.lookup.TypeSystem$HashedParameterizedTypes.get(Lorg/eclipse/jdt/internal/compiler/lookup/ReferenceBinding;[Lorg/eclipse/jdt/internal/compil
Event: 23.927 Thread 0x00000154c676c350 DEOPT PACKING pc=0x00000154f3ad4a50 sp=0x00000013065fd500
Event: 23.927 Thread 0x00000154c676c350 DEOPT UNPACKING pc=0x00000154f2f23aa2 sp=0x00000013065fd4c0 mode 2
Event: 23.927 Thread 0x00000154c676c350 Uncommon trap: trap_request=0xffffff45 fr.pc=0x00000154f3c0c0c8 relative=0x0000000000005188
Event: 23.927 Thread 0x00000154c676c350 Uncommon trap: reason=unstable_if action=reinterpret pc=0x00000154f3c0c0c8 method=org.eclipse.jdt.internal.compiler.lookup.TypeSystem.getParameterizedType(Lorg/eclipse/jdt/internal/compiler/lookup/ReferenceBinding;[Lorg/eclipse/jdt/internal/compiler/looku
Event: 23.927 Thread 0x00000154c676c350 DEOPT PACKING pc=0x00000154f3c0c0c8 sp=0x00000013065fd5e0
Event: 23.927 Thread 0x00000154c676c350 DEOPT UNPACKING pc=0x00000154f2f23aa2 sp=0x00000013065fd590 mode 2
Event: 23.946 Thread 0x00000154c676c350 DEOPT PACKING pc=0x00000154ecc4a5aa sp=0x00000013065fd960
Event: 23.946 Thread 0x00000154c676c350 DEOPT UNPACKING pc=0x00000154f2f24242 sp=0x00000013065fcee8 mode 0
Event: 23.953 Thread 0x00000154c676c350 DEOPT PACKING pc=0x00000154ec43d213 sp=0x00000013065fdac0
Event: 23.953 Thread 0x00000154c676c350 DEOPT UNPACKING pc=0x00000154f2f24242 sp=0x00000013065fcff0 mode 0

Classes loaded (20 events):
Event: 16.420 Loading class java/nio/file/PathMatcher done
Event: 16.420 Loading class sun/nio/fs/WindowsFileSystem$2 done
Event: 18.884 Loading class java/util/Collections$SynchronizedRandomAccessList
Event: 18.884 Loading class java/util/Collections$SynchronizedList
Event: 18.885 Loading class java/util/Collections$SynchronizedList done
Event: 18.885 Loading class java/util/Collections$SynchronizedRandomAccessList done
Event: 18.891 Loading class java/util/concurrent/CompletableFuture$Signaller
Event: 18.892 Loading class java/util/concurrent/CompletableFuture$Signaller done
Event: 18.895 Loading class java/util/concurrent/CompletableFuture$UniApply
Event: 18.896 Loading class java/util/concurrent/CompletableFuture$UniApply done
Event: 18.898 Loading class java/util/concurrent/CompletableFuture$UniExceptionally
Event: 18.898 Loading class java/util/concurrent/CompletableFuture$UniExceptionally done
Event: 19.171 Loading class java/nio/charset/CharacterCodingException
Event: 19.171 Loading class java/nio/charset/CharacterCodingException done
Event: 19.171 Loading class java/io/SequenceInputStream
Event: 19.171 Loading class java/io/SequenceInputStream done
Event: 19.244 Loading class java/util/Hashtable$KeySet
Event: 19.244 Loading class java/util/Hashtable$KeySet done
Event: 23.551 Loading class java/net/HttpURLConnection
Event: 23.551 Loading class java/net/HttpURLConnection done

Classes unloaded (11 events):
Event: 3.622 Thread 0x00000154e8861f10 Unloading class 0x00000154811a5400 'java/lang/invoke/LambdaForm$MH+0x00000154811a5400'
Event: 3.622 Thread 0x00000154e8861f10 Unloading class 0x00000154811a5000 'java/lang/invoke/LambdaForm$MH+0x00000154811a5000'
Event: 3.622 Thread 0x00000154e8861f10 Unloading class 0x00000154811a4c00 'java/lang/invoke/LambdaForm$MH+0x00000154811a4c00'
Event: 3.622 Thread 0x00000154e8861f10 Unloading class 0x00000154811a4800 'java/lang/invoke/LambdaForm$MH+0x00000154811a4800'
Event: 3.622 Thread 0x00000154e8861f10 Unloading class 0x00000154811a4400 'java/lang/invoke/LambdaForm$BMH+0x00000154811a4400'
Event: 3.622 Thread 0x00000154e8861f10 Unloading class 0x00000154811a4000 'java/lang/invoke/LambdaForm$DMH+0x00000154811a4000'
Event: 3.622 Thread 0x00000154e8861f10 Unloading class 0x00000154811a2c00 'java/lang/invoke/LambdaForm$DMH+0x00000154811a2c00'
Event: 20.295 Thread 0x00000154e8861f10 Unloading class 0x00000154816b1400 'java/lang/invoke/LambdaForm$DMH+0x00000154816b1400'
Event: 20.295 Thread 0x00000154e8861f10 Unloading class 0x00000154816b1000 'java/lang/invoke/LambdaForm$DMH+0x00000154816b1000'
Event: 20.295 Thread 0x00000154e8861f10 Unloading class 0x00000154816b0c00 'java/lang/invoke/LambdaForm$DMH+0x00000154816b0c00'
Event: 20.295 Thread 0x00000154e8861f10 Unloading class 0x00000154816b0800 'java/lang/invoke/LambdaForm$DMH+0x00000154816b0800'

Classes redefined (0 events):
No events

Internal exceptions (20 events):
Event: 23.331 Thread 0x00000154c676c350 Exception <a 'sun/nio/fs/WindowsException'{0x00000000eacfd020}> (0x00000000eacfd020) 
thrown [s\src\hotspot\share\prims\jni.cpp, line 520]
Event: 23.331 Thread 0x00000154c676c350 Exception <a 'sun/nio/fs/WindowsException'{0x00000000eacfd900}> (0x00000000eacfd900) 
thrown [s\src\hotspot\share\prims\jni.cpp, line 520]
Event: 23.352 Thread 0x00000154c676c350 Exception <a 'sun/nio/fs/WindowsException'{0x00000000eafcb190}> (0x00000000eafcb190) 
thrown [s\src\hotspot\share\prims\jni.cpp, line 520]
Event: 23.352 Thread 0x00000154c676c350 Exception <a 'sun/nio/fs/WindowsException'{0x00000000eafcba70}> (0x00000000eafcba70) 
thrown [s\src\hotspot\share\prims\jni.cpp, line 520]
Event: 23.373 Thread 0x00000154c676c350 Exception <a 'sun/nio/fs/WindowsException'{0x00000000eb02f310}> (0x00000000eb02f310) 
thrown [s\src\hotspot\share\prims\jni.cpp, line 520]
Event: 23.373 Thread 0x00000154c676c350 Exception <a 'sun/nio/fs/WindowsException'{0x00000000eb02fbf0}> (0x00000000eb02fbf0) 
thrown [s\src\hotspot\share\prims\jni.cpp, line 520]
Event: 23.503 Thread 0x00000154c676c350 Exception <a 'sun/nio/fs/WindowsException'{0x00000000eae84468}> (0x00000000eae84468) 
thrown [s\src\hotspot\share\prims\jni.cpp, line 520]
Event: 23.503 Thread 0x00000154c676c350 Exception <a 'sun/nio/fs/WindowsException'{0x00000000eae84d48}> (0x00000000eae84d48) 
thrown [s\src\hotspot\share\prims\jni.cpp, line 520]
Event: 23.688 Thread 0x00000154c676c350 Exception <a 'sun/nio/fs/WindowsException'{0x00000000ead73980}> (0x00000000ead73980) 
thrown [s\src\hotspot\share\prims\jni.cpp, line 520]
Event: 23.688 Thread 0x00000154c676c350 Exception <a 'sun/nio/fs/WindowsException'{0x00000000ead74260}> (0x00000000ead74260) 
thrown [s\src\hotspot\share\prims\jni.cpp, line 520]
Event: 23.819 Thread 0x00000154c676c350 Exception <a 'sun/nio/fs/WindowsException'{0x00000000eab608d8}> (0x00000000eab608d8) 
thrown [s\src\hotspot\share\prims\jni.cpp, line 520]
Event: 23.819 Thread 0x00000154c676c350 Exception <a 'sun/nio/fs/WindowsException'{0x00000000eab611b8}> (0x00000000eab611b8) 
thrown [s\src\hotspot\share\prims\jni.cpp, line 520]
Event: 23.851 Thread 0x00000154c676c350 Exception <a 'sun/nio/fs/WindowsException'{0x00000000ead52eb0}> (0x00000000ead52eb0) 
thrown [s\src\hotspot\share\prims\jni.cpp, line 520]
Event: 23.851 Thread 0x00000154c676c350 Exception <a 'sun/nio/fs/WindowsException'{0x00000000ead53790}> (0x00000000ead53790) 
thrown [s\src\hotspot\share\prims\jni.cpp, line 520]
Event: 23.904 Thread 0x00000154c676c350 Exception <a 'sun/nio/fs/WindowsException'{0x00000000eab48b00}> (0x00000000eab48b00) 
thrown [s\src\hotspot\share\prims\jni.cpp, line 520]
Event: 23.904 Thread 0x00000154c676c350 Exception <a 'sun/nio/fs/WindowsException'{0x00000000eab493e0}> (0x00000000eab493e0) 
thrown [s\src\hotspot\share\prims\jni.cpp, line 520]
Event: 23.940 Thread 0x00000154c676c350 Exception <a 'sun/nio/fs/WindowsException'{0x00000000eadc0540}> (0x00000000eadc0540) 
thrown [s\src\hotspot\share\prims\jni.cpp, line 520]
Event: 23.940 Thread 0x00000154c676c350 Exception <a 'sun/nio/fs/WindowsException'{0x00000000eadc0e20}> (0x00000000eadc0e20) 
thrown [s\src\hotspot\share\prims\jni.cpp, line 520]
Event: 23.959 Thread 0x00000154c676c350 Exception <a 'sun/nio/fs/WindowsException'{0x00000000eafd16e0}> (0x00000000eafd16e0) 
thrown [s\src\hotspot\share\prims\jni.cpp, line 520]
Event: 23.959 Thread 0x00000154c676c350 Exception <a 'sun/nio/fs/WindowsException'{0x00000000eafd1fc0}> (0x00000000eafd1fc0) 
thrown [s\src\hotspot\share\prims\jni.cpp, line 520]

ZGC Phase Switch (0 events):
No events

VM Operations (20 events):
Event: 23.792 Executing VM operation: ParallelGCFailedAllocation (Allocation Failure)
Event: 23.793 Executing VM operation: ParallelGCFailedAllocation (Allocation Failure) done
Event: 23.802 Executing VM operation: ParallelGCFailedAllocation (Allocation Failure)
Event: 23.803 Executing VM operation: ParallelGCFailedAllocation (Allocation Failure) done
Event: 23.815 Executing VM operation: ParallelGCFailedAllocation (Allocation Failure)
Event: 23.817 Executing VM operation: ParallelGCFailedAllocation (Allocation Failure) done
Event: 23.841 Executing VM operation: ParallelGCFailedAllocation (Allocation Failure)
Event: 23.842 Executing VM operation: ParallelGCFailedAllocation (Allocation Failure) done
Event: 23.874 Executing VM operation: ParallelGCFailedAllocation (Allocation Failure)
Event: 23.878 Executing VM operation: ParallelGCFailedAllocation (Allocation Failure) done
Event: 23.890 Executing VM operation: ParallelGCFailedAllocation (Allocation Failure)
Event: 23.891 Executing VM operation: ParallelGCFailedAllocation (Allocation Failure) done
Event: 23.901 Executing VM operation: ParallelGCFailedAllocation (Allocation Failure)
Event: 23.902 Executing VM operation: ParallelGCFailedAllocation (Allocation Failure) done
Event: 23.923 Executing VM operation: ParallelGCFailedAllocation (Allocation Failure)
Event: 23.924 Executing VM operation: ParallelGCFailedAllocation (Allocation Failure) done
Event: 23.934 Executing VM operation: ParallelGCFailedAllocation (Allocation Failure)
Event: 23.935 Executing VM operation: ParallelGCFailedAllocation (Allocation Failure) done
Event: 23.948 Executing VM operation: ParallelGCFailedAllocation (Allocation Failure)
Event: 23.949 Executing VM operation: ParallelGCFailedAllocation (Allocation Failure) done

Memory protections (0 events):
No events

Nmethod flushes (20 events):
Event: 20.329 Thread 0x00000154e8861f10 flushing  nmethod 0x00000154ecdacf90
Event: 20.329 Thread 0x00000154e8861f10 flushing  nmethod 0x00000154ecdb1010
Event: 20.329 Thread 0x00000154e8861f10 flushing  nmethod 0x00000154ecdb8290
Event: 20.329 Thread 0x00000154e8861f10 flushing  nmethod 0x00000154ecdb9e90
Event: 20.329 Thread 0x00000154e8861f10 flushing  nmethod 0x00000154ecdc0090
Event: 20.329 Thread 0x00000154e8861f10 flushing  nmethod 0x00000154ecdcb490
Event: 20.329 Thread 0x00000154e8861f10 flushing  nmethod 0x00000154ecdcdc90
Event: 20.329 Thread 0x00000154e8861f10 flushing  nmethod 0x00000154ecdde210
Event: 20.329 Thread 0x00000154e8861f10 flushing  nmethod 0x00000154ecdded10
Event: 20.329 Thread 0x00000154e8861f10 flushing  nmethod 0x00000154ecde7310
Event: 20.329 Thread 0x00000154e8861f10 flushing  nmethod 0x00000154ecdea710
Event: 20.329 Thread 0x00000154e8861f10 flushing  nmethod 0x00000154ece0d310
Event: 20.329 Thread 0x00000154e8861f10 flushing  nmethod 0x00000154ece43190
Event: 20.329 Thread 0x00000154e8861f10 flushing  nmethod 0x00000154ece4c710
Event: 20.329 Thread 0x00000154e8861f10 flushing  nmethod 0x00000154ece4f290
Event: 20.329 Thread 0x00000154e8861f10 flushing  nmethod 0x00000154ece5b710
Event: 20.329 Thread 0x00000154e8861f10 flushing  nmethod 0x00000154ece61590
Event: 20.329 Thread 0x00000154e8861f10 flushing  nmethod 0x00000154ecea4410
Event: 20.329 Thread 0x00000154e8861f10 flushing  nmethod 0x00000154eced7510
Event: 20.329 Thread 0x00000154e8861f10 flushing  nmethod 0x00000154ecef5990

Events (20 events):
Event: 16.005 Thread 0x00000154c6872f70 Thread added: 0x00000154c67704f0
Event: 16.005 Thread 0x00000154c6872f70 Thread added: 0x00000154c676eab0
Event: 16.037 Thread 0x00000154c676bcc0 Thread exited: 0x00000154c676bcc0
Event: 16.037 Thread 0x00000154c67704f0 Thread exited: 0x00000154c67704f0
Event: 16.037 Thread 0x00000154c676a910 Thread exited: 0x00000154c676a910
Event: 16.037 Thread 0x00000154c676f7d0 Thread exited: 0x00000154c676f7d0
Event: 16.037 Thread 0x00000154c676eab0 Thread exited: 0x00000154c676eab0
Event: 16.976 Thread 0x00000154fe8be600 Thread exited: 0x00000154fe8be600
Event: 16.976 Thread 0x00000154fe6b0400 Thread exited: 0x00000154fe6b0400
Event: 18.898 Thread 0x00000154c686f460 Thread added: 0x00000154c676c350
Event: 18.963 Thread 0x00000154fcb59d90 Thread added: 0x00000154c84848b0
Event: 19.233 Thread 0x00000154c686f460 Thread added: 0x00000154c676b630
Event: 19.235 Thread 0x00000154c686f460 Thread added: 0x00000154c676f7d0
Event: 19.274 Thread 0x00000154c6872f70 Thread added: 0x00000154c6771210
Event: 22.361 Thread 0x00000154c676b630 Thread added: 0x00000154c676a910
Event: 22.361 Thread 0x00000154c52f1ac0 Thread added: 0x00000154c6771f30
Event: 22.364 Thread 0x00000154c676a910 Thread added: 0x00000154c676d700
Event: 22.364 Thread 0x00000154c6771f30 Thread added: 0x00000154c676bcc0
Event: 23.550 Thread 0x00000154c676c350 Thread added: 0x00000154c676d070
Event: 23.585 Thread 0x00000154c676d070 Thread exited: 0x00000154c676d070


Dynamic libraries:
0x00007ff7f8f40000 - 0x00007ff7f8f4e000 	c:\Users\nguye\.vscode\extensions\redhat.java-1.42.0-win32-x64\jre\21.0.7-win32-x86_64\bin\java.exe
0x00007ffe88550000 - 0x00007ffe88748000 	C:\WINDOWS\SYSTEM32\ntdll.dll
0x00007ffe87d10000 - 0x00007ffe87dd2000 	C:\WINDOWS\System32\KERNEL32.DLL
0x00007ffe85c10000 - 0x00007ffe85f06000 	C:\WINDOWS\System32\KERNELBASE.dll
0x00007ffe860c0000 - 0x00007ffe861c0000 	C:\WINDOWS\System32\ucrtbase.dll
0x00007ffe76ce0000 - 0x00007ffe76cfe000 	c:\Users\nguye\.vscode\extensions\redhat.java-1.42.0-win32-x64\jre\21.0.7-win32-x86_64\bin\VCRUNTIME140.dll
0x00007ffe7e830000 - 0x00007ffe7e848000 	c:\Users\nguye\.vscode\extensions\redhat.java-1.42.0-win32-x64\jre\21.0.7-win32-x86_64\bin\jli.dll
0x00007ffe86ed0000 - 0x00007ffe8706d000 	C:\WINDOWS\System32\USER32.dll
0x00007ffe861c0000 - 0x00007ffe861e2000 	C:\WINDOWS\System32\win32u.dll
0x00007ffe70fb0000 - 0x00007ffe7124a000 	C:\WINDOWS\WinSxS\amd64_microsoft.windows.common-controls_6595b64144ccf1df_6.0.19041.4355_none_60b8b9eb71f62e16\COMCTL32.dll
0x00007ffe87ac0000 - 0x00007ffe87aeb000 	C:\WINDOWS\System32\GDI32.dll
0x00007ffe88470000 - 0x00007ffe8850e000 	C:\WINDOWS\System32\msvcrt.dll
0x00007ffe863a0000 - 0x00007ffe864ba000 	C:\WINDOWS\System32\gdi32full.dll
0x00007ffe86020000 - 0x00007ffe860bd000 	C:\WINDOWS\System32\msvcp_win.dll
0x00007ffe87b90000 - 0x00007ffe87bbf000 	C:\WINDOWS\System32\IMM32.DLL
0x00007ffe7e820000 - 0x00007ffe7e82c000 	c:\Users\nguye\.vscode\extensions\redhat.java-1.42.0-win32-x64\jre\21.0.7-win32-x86_64\bin\vcruntime140_1.dll
0x00007ffe48ce0000 - 0x00007ffe48d6d000 	c:\Users\nguye\.vscode\extensions\redhat.java-1.42.0-win32-x64\jre\21.0.7-win32-x86_64\bin\msvcp140.dll
0x00007ffe1c4f0000 - 0x00007ffe1d280000 	c:\Users\nguye\.vscode\extensions\redhat.java-1.42.0-win32-x64\jre\21.0.7-win32-x86_64\bin\server\jvm.dll
0x00007ffe878c0000 - 0x00007ffe8796f000 	C:\WINDOWS\System32\ADVAPI32.dll
0x00007ffe87af0000 - 0x00007ffe87b8f000 	C:\WINDOWS\System32\sechost.dll
0x00007ffe87600000 - 0x00007ffe87723000 	C:\WINDOWS\System32\RPCRT4.dll
0x00007ffe85be0000 - 0x00007ffe85c07000 	C:\WINDOWS\System32\bcrypt.dll
0x00007ffe87730000 - 0x00007ffe8779b000 	C:\WINDOWS\System32\WS2_32.dll
0x00007ffe85140000 - 0x00007ffe8518b000 	C:\WINDOWS\SYSTEM32\POWRPROF.dll
0x00007ffe7f200000 - 0x00007ffe7f20a000 	C:\WINDOWS\SYSTEM32\VERSION.dll
0x00007ffe79b60000 - 0x00007ffe79b87000 	C:\WINDOWS\SYSTEM32\WINMM.dll
0x00007ffe84fb0000 - 0x00007ffe84fc2000 	C:\WINDOWS\SYSTEM32\UMPDC.dll
0x00007ffe84410000 - 0x00007ffe84422000 	C:\WINDOWS\SYSTEM32\kernel.appcore.dll
0x00007ffe69cd0000 - 0x00007ffe69cda000 	c:\Users\nguye\.vscode\extensions\redhat.java-1.42.0-win32-x64\jre\21.0.7-win32-x86_64\bin\jimage.dll
0x00007ffe840d0000 - 0x00007ffe842b4000 	C:\WINDOWS\SYSTEM32\DBGHELP.DLL
0x00007ffe7de60000 - 0x00007ffe7de94000 	C:\WINDOWS\SYSTEM32\dbgcore.DLL
0x00007ffe85f10000 - 0x00007ffe85f92000 	C:\WINDOWS\System32\bcryptPrimitives.dll
0x00007ffe5e410000 - 0x00007ffe5e41f000 	c:\Users\nguye\.vscode\extensions\redhat.java-1.42.0-win32-x64\jre\21.0.7-win32-x86_64\bin\instrument.dll
0x00007ffe549f0000 - 0x00007ffe54a0f000 	c:\Users\nguye\.vscode\extensions\redhat.java-1.42.0-win32-x64\jre\21.0.7-win32-x86_64\bin\java.dll
0x00007ffe86570000 - 0x00007ffe86cdf000 	C:\WINDOWS\System32\SHELL32.dll
0x00007ffe83920000 - 0x00007ffe840c3000 	C:\WINDOWS\SYSTEM32\windows.storage.dll
0x00007ffe87e60000 - 0x00007ffe881b5000 	C:\WINDOWS\System32\combase.dll
0x00007ffe85610000 - 0x00007ffe8563b000 	C:\WINDOWS\SYSTEM32\Wldp.dll
0x00007ffe87bd0000 - 0x00007ffe87c9d000 	C:\WINDOWS\System32\OLEAUT32.dll
0x00007ffe87070000 - 0x00007ffe8711d000 	C:\WINDOWS\System32\SHCORE.dll
0x00007ffe86e70000 - 0x00007ffe86ec5000 	C:\WINDOWS\System32\shlwapi.dll
0x00007ffe85b10000 - 0x00007ffe85b35000 	C:\WINDOWS\SYSTEM32\profapi.dll
0x00007ffe50160000 - 0x00007ffe50178000 	c:\Users\nguye\.vscode\extensions\redhat.java-1.42.0-win32-x64\jre\21.0.7-win32-x86_64\bin\zip.dll
0x00007ffe5d220000 - 0x00007ffe5d230000 	C:\Users\nguye\.vscode\extensions\redhat.java-1.42.0-win32-x64\jre\21.0.7-win32-x86_64\bin\net.dll
0x00007ffe7ecf0000 - 0x00007ffe7edfa000 	C:\WINDOWS\SYSTEM32\WINHTTP.dll
0x00007ffe85330000 - 0x00007ffe8539c000 	C:\WINDOWS\system32\mswsock.dll
0x00007ffe4fa90000 - 0x00007ffe4faa6000 	C:\Users\nguye\.vscode\extensions\redhat.java-1.42.0-win32-x64\jre\21.0.7-win32-x86_64\bin\nio.dll
0x00007ffe5cbe0000 - 0x00007ffe5cbf0000 	c:\Users\nguye\.vscode\extensions\redhat.java-1.42.0-win32-x64\jre\21.0.7-win32-x86_64\bin\verify.dll
0x00007ffe45130000 - 0x00007ffe45175000 	C:\Users\nguye\AppData\Roaming\Code\User\globalStorage\redhat.java\1.42.0\config_win\org.eclipse.equinox.launcher\org.eclipse.equinox.launcher.win32.win32.x86_64_1.2.1300.v20250331-1702\eclipse_11911.dll
0x00007ffe86ce0000 - 0x00007ffe86e0b000 	C:\WINDOWS\System32\ole32.dll
0x00007ffe85540000 - 0x00007ffe85558000 	C:\WINDOWS\SYSTEM32\CRYPTSP.dll
0x00007ffe84be0000 - 0x00007ffe84c18000 	C:\WINDOWS\system32\rsaenh.dll
0x00007ffe85a90000 - 0x00007ffe85abe000 	C:\WINDOWS\SYSTEM32\USERENV.dll
0x00007ffe85560000 - 0x00007ffe8556c000 	C:\WINDOWS\SYSTEM32\CRYPTBASE.dll
0x00007ffe84fd0000 - 0x00007ffe8500b000 	C:\WINDOWS\SYSTEM32\IPHLPAPI.DLL
0x00007ffe87ca0000 - 0x00007ffe87ca8000 	C:\WINDOWS\System32\NSI.dll
0x00007ffdf9c30000 - 0x00007ffdf9c79000 	C:\Users\nguye\AppData\Local\Temp\jna-104772072\jna15342986146062269171.dll
0x00007ffe87a20000 - 0x00007ffe87a28000 	C:\WINDOWS\System32\PSAPI.DLL
0x00007ffe7fac0000 - 0x00007ffe7fad7000 	C:\WINDOWS\SYSTEM32\dhcpcsvc6.DLL
0x00007ffe7f980000 - 0x00007ffe7f99d000 	C:\WINDOWS\SYSTEM32\dhcpcsvc.DLL
0x00007ffe84e40000 - 0x00007ffe84e73000 	C:\WINDOWS\SYSTEM32\ntmarta.dll

dbghelp: loaded successfully - version: 4.0.5 - missing functions: none
symbol engine: initialized successfully - sym options: 0x614 - pdb path: .;c:\Users\nguye\.vscode\extensions\redhat.java-1.42.0-win32-x64\jre\21.0.7-win32-x86_64\bin;C:\WINDOWS\SYSTEM32;C:\WINDOWS\WinSxS\amd64_microsoft.windows.common-controls_6595b64144ccf1df_6.0.19041.4355_none_60b8b9eb71f62e16;c:\Users\nguye\.vscode\extensions\redhat.java-1.42.0-win32-x64\jre\21.0.7-win32-x86_64\bin\server;C:\Users\nguye\AppData\Roaming\Code\User\globalStorage\redhat.java\1.42.0\config_win\org.eclipse.equinox.launcher\org.eclipse.equinox.launcher.win32.win32.x86_64_1.2.1300.v20250331-1702;C:\Users\nguye\AppData\Local\Temp\jna-104772072

VM Arguments:
jvm_args: --add-modules=ALL-SYSTEM --add-opens=java.base/java.util=ALL-UNNAMED --add-opens=java.base/java.lang=ALL-UNNAMED --add-opens=java.base/sun.nio.fs=ALL-UNNAMED -Declipse.application=org.eclipse.jdt.ls.core.id1 -Dosgi.bundles.defaultStartLevel=4 -Declipse.product=org.eclipse.jdt.ls.core.product -Djava.import.generatesMetadataFilesAtProjectRoot=false -DDetectVMInstallationsJob.disabled=true -Dfile.encoding=utf8 -XX:+UseParallelGC -XX:GCTimeRatio=4 -XX:AdaptiveSizePolicyWeight=90 -Dsun.zip.disableMemoryMapping=true -Xmx1G -Xms100m -Xlog:disable -javaagent:c:\Users\nguye\.vscode\extensions\redhat.java-1.42.0-win32-x64\lombok\lombok-1.18.36.jar -XX:+HeapDumpOnOutOfMemoryError -XX:HeapDumpPath=c:\Users\nguye\AppData\Roaming\Code\User\workspaceStorage\e4938c2eb2184d7aeaf21c1332ea96fd\redhat.java -Daether.dependencyCollector.impl=bf 
java_command: c:\Users\nguye\.vscode\extensions\redhat.java-1.42.0-win32-x64\server\plugins\org.eclipse.equinox.launcher_1.7.0.v20250424-1814.jar -configuration c:\Users\nguye\AppData\Roaming\Code\User\globalStorage\redhat.java\1.42.0\config_win -data c:\Users\nguye\AppData\Roaming\Code\User\workspaceStorage\e4938c2eb2184d7aeaf21c1332ea96fd\redhat.java\jdt_ws --pipe=\\.\pipe\lsp-ef09c2e6da0897c494e0978ae567528e-sock
java_class_path (initial): c:\Users\nguye\.vscode\extensions\redhat.java-1.42.0-win32-x64\server\plugins\org.eclipse.equinox.launcher_1.7.0.v20250424-1814.jar
Launcher Type: SUN_STANDARD

[Global flags]
    uintx AdaptiveSizePolicyWeight                 = 90                                        {product} {command line}
     intx CICompilerCount                          = 4                                         {product} {ergonomic}
    uintx GCTimeRatio                              = 4                                         {product} {command line}
     bool HeapDumpOnOutOfMemoryError               = true                                   {manageable} {command line}
    ccstr HeapDumpPath                             = c:\Users\nguye\AppData\Roaming\Code\User\workspaceStorage\e4938c2eb2184d7aeaf21c1332ea96fd\redhat.java         {manageable} {command line}
   size_t InitialHeapSize                          = 104857600                                 {product} {command line}
   size_t MaxHeapSize                              = 1073741824                                {product} {command line}
   size_t MaxNewSize                               = 357564416                                 {product} {ergonomic}
   size_t MinHeapDeltaBytes                        = 524288                                    {product} {ergonomic}
   size_t MinHeapSize                              = 104857600                                 {product} {command line}
   size_t NewSize                                  = 34603008                                  {product} {ergonomic}
    uintx NonNMethodCodeHeapSize                   = 5839372                                {pd product} {ergonomic}
    uintx NonProfiledCodeHeapSize                  = 122909434                              {pd product} {ergonomic}
   size_t OldSize                                  = 70254592                                  {product} {ergonomic}
    uintx ProfiledCodeHeapSize                     = 122909434                              {pd product} {ergonomic}
    uintx ReservedCodeCacheSize                    = 251658240                              {pd product} {ergonomic}
     bool SegmentedCodeCache                       = true                                      {product} {ergonomic}
   size_t SoftMaxHeapSize                          = 1073741824                             {manageable} {ergonomic}
     bool UseCompressedOops                        = true                           {product lp64_product} {ergonomic}
     bool UseLargePagesIndividualAllocation        = false                                  {pd product} {ergonomic}
     bool UseParallelGC                            = true                                      {product} {command line}

Logging:
Log output configuration:
 #0: stdout all=off uptime,level,tags foldmultilines=false
 #1: stderr all=off uptime,level,tags foldmultilines=false

Environment Variables:
JAVA_HOME=C:\Program Files\Java\jdk-17
PATH=C:\Program Files (x86)\VMware\VMware Workstation\bin\;C:\Program Files\Java\jdk-17\bin;C:\Program Files\Eclipse Adoptium\jdk-21.0.1.12-hotspot\bin;C:\Program Files\Common Files\Oracle\Java\javapath;C:\WINDOWS\system32;C:\WINDOWS;C:\WINDOWS\System32\Wbem;C:\WINDOWS\System32\WindowsPowerShell\v1.0\;C:\WINDOWS\System32\OpenSSH\;C:\Program Files\Git\cmd;C:\Program Files\dotnet\;C:\sqlite3;C:\Program Files\CMake\bin;C:\Program Files\mkcert\;C:\Program Files\nodejs\;C:\Program Files\Cloudflare\Cloudflare WARP\;C:\Program Files\Docker\Docker\resources\bin;C:\Program Files (x86)\Windows Kits\10\Windows Performance Toolkit\;C:\Users\nguye\AppData\Local\Programs\Python\Python312\Scripts\;C:\Users\nguye\AppData\Local\Programs\Python\Python312\;C:\Program Files\Java\jdk-17\bin;C:\Program Files (x86)\VMware\VMware Workstation\bin\;C:\ProgramData\Oracle\Java\javapath;C:\Program Files\Eclipse Adoptium\jdk-21.0.1.12-hotspot\bin;C:\Program Files\Common Files\Oracle\Java\javapath;C:\WINDOWS\system32;C:\WINDOWS;C:\WINDOWS\System32\Wbem;C:\WINDOWS\System32\WindowsPowerShell\v1.0\;C:\WINDOWS\System32\OpenSSH\;C:\Program Files\Git\cmd;C:\Program Files\Docker\Docker\resources\bin;C:\Program Files\dotnet\;C:\Program Files\Cloudflare\Cloudflare WARP\;C:\sqlite3;C:\Program Files\CMake\bin;C:\Program Files\nodejs\;C:\Program Files\mkcert\;C:\Program Files\Java\jdk-17\bin;C:\Program Files\Java\jdk-21\bin;C:\Users\nguye\AppData\Local\Programs\Microsoft VS Code\bin;C:\mingw64\bin;C:\Users\nguye\AppData\Roaming\npm;C:\Users\nguye\AppData\Local\Programs\cursor\resources\app\bin
USERNAME=nguye
OS=Windows_NT
PROCESSOR_IDENTIFIER=Intel64 Family 6 Model 165 Stepping 2, GenuineIntel
TMP=C:\Users\nguye\AppData\Local\Temp
TEMP=C:\Users\nguye\AppData\Local\Temp




Periodic native trim disabled

---------------  S Y S T E M  ---------------

OS:
 Windows 10 , 64 bit Build 19041 (10.0.19041.5678)
OS uptime: 6 days 21:39 hours
Hyper-V role detected

CPU: total 8 (initial active 8) (4 cores per cpu, 2 threads per core) family 6 model 165 stepping 2 microcode 0xc8, cx8, cmov, fxsr, ht, mmx, 3dnowpref, sse, sse2, sse3, ssse3, sse4.1, sse4.2, popcnt, lzcnt, tsc, tscinvbit, avx, avx2, aes, erms, clmul, bmi1, bmi2, adx, fma, vzeroupper, clflush, clflushopt, hv, rdtscp, f16c
Processor Information for the first 8 processors :
  Max Mhz: 2496, Current Mhz: 2496, Mhz Limit: 2496

Memory: 4k page, system-wide physical 16221M (468M free)
TotalPageFile size 28720M (AvailPageFile size 5M)
current process WorkingSet (physical memory assigned to process): 467M, peak: 469M
current process commit charge ("private bytes"): 502M, peak: 981M

vm_info: OpenJDK 64-Bit Server VM (21.0.7+6-LTS) for windows-amd64 JRE (21.0.7+6-LTS), built on 2025-04-15T00:00:00Z by "admin" with MS VC++ 17.7 (VS2022)

END.
